Buildfile: /home/chelsa/Cloudsim-Task-Scheduling/build.xml

ga:
     [echo]         Executing "taskscheduling.jar" 
     [echo]     -------------------------------------- 
     [echo]     | log file  : log/taskscheduling.log |
     [echo]     | configure : etc/establishment.xml  |
     [echo]     -------------------------------------- 
     [echo] 
     [java] #### Initial Best Solution: age=(0) ####
     [java] 
     [java] ## Solution[52]: Duration=322.222222, Fitness=0.003103 
     [java]  
     [java] VM[0]: 0003 0035 0068 0070 0076 0087 0089 ; Time=(259.3333) 
     [java] VM[1]: 0001 0008 0014 0020 0023 0025 0033 0038 0044 0045 0081 0086 ; Time=(290.8571) 
     [java] VM[2]: 0005 0018 0037 0040 0048 0059 0064 0079 0080 0083 0088 ; Time=(287.7500) 
     [java] VM[3]: 0000 0012 0016 0024 0039 0041 0049 0062 0074 0075 0084 0085 0093 0096 ; Time=(322.2222) 
     [java] VM[4]: 0004 0011 0027 0028 0031 0047 0050 0054 0055 0063 0065 0067 0078 0092 ; Time=(274.4000) 
     [java] VM[5]: 0017 0019 0043 0053 0057 0058 0060 0061 0082 0097 0099 ; Time=(217.4545) 
     [java] VM[6]: 0002 0007 0009 0010 0013 0015 0021 0030 0046 0051 0052 0066 0069 0072 0077 0094 ; Time=(239.0000) 
     [java] VM[7]: 0006 0022 0026 0029 0032 0034 0036 0042 0056 0071 0073 0090 0091 0095 0098 ; Time=(238.6154) 
     [java] 
     [java] 
     [java] 
     [java] ########## Final Result: age=(50) ###########
     [java] 
     [java] ## Solution[0]: Duration=277.333333, Fitness=0.003606 
     [java]  
     [java] VM[0]: 0003 0049 0065 0068 0077 0085 0089 ; Time=(262.0000) 
     [java] VM[1]: 0001 0014 0020 0038 0041 0044 0052 0073 0081 ; Time=(232.5714) 
     [java] VM[2]: 0000 0005 0007 0013 0015 0027 0036 0040 0053 0055 0059 0064 0079 ; Time=(275.7500) 
     [java] VM[3]: 0012 0016 0023 0024 0025 0033 0037 0057 0062 0074 0075 0076 0084 ; Time=(277.3333) 
     [java] VM[4]: 0004 0017 0028 0035 0039 0046 0047 0054 0063 0067 0070 0078 0087 ; Time=(257.0000) 
     [java] VM[5]: 0008 0011 0019 0030 0045 0048 0060 0061 0066 0082 0086 0094 0097 0099 ; Time=(273.8182) 
     [java] VM[6]: 0002 0009 0010 0021 0031 0032 0042 0043 0050 0051 0058 0069 0071 0072 0080 0095 ; Time=(256.0000) 
     [java] VM[7]: 0006 0018 0022 0026 0029 0034 0056 0083 0088 0090 0091 0092 0093 0096 0098 ; Time=(257.2308) 
     [java] 
     [java] 
     [java]         =============================================
     [java] 
     [java]         MakeSpan        Utilization        Busy 
     [java]         277.3146        94.2477            2090.9004 
     [java] 
     [java]         =============================================
     [java] 
     [java] 

BUILD SUCCESSFUL
Total time: 0 seconds
