Buildfile: /home/chelsa/Cloudsim-Task-Scheduling/build.xml

newga:
     [echo]         Executing "taskscheduling.jar" 
     [echo]     -------------------------------------- 
     [echo]     | log file  : log/taskscheduling.log |
     [echo]     | configure : etc/establishment.xml  |
     [echo]     -------------------------------------- 
     [echo] 
     [java] Starting to run simulations...in GA
     [java] Initialising...
     [java] 6856	2499	624	8939	10145	6953	9528	1671	1417	8497	5841	8632	6405	1065	9805	9580	8378	3216	7138	8605	
     [java] 8923	3482	3699	3924	6834	7260	5659	5416	3871	189	7306	6229	6627	9780	2139	9058	3382	8245	3347	7843	
     [java] 1992	2358	586	6565	5472	7076	3500	822	6946	8246	5411	9548	1598	3853	6795	828	3588	4218	908	6018	
     [java] 37.9632 28.647 28.647 27.8388 34.018 34.018 38.806666666666665 39.778666666666666 39.778666666666666 39.778666666666666 38.42 33.809333333333335 31.2352 32.382666666666665 39.703 32.915333333333336 39.107 38.118 38.118 42.975 42.975 45.121 45.399 45.399 42.827 40.74933333333333 46.63 44.98 44.98 41.47533333333333 44.98 44.278 47.129 46.307 46.307 42.440666666666665 42.440666666666665 49.754 50.974666666666664 48.383 48.383 50.88 49.80866666666667 45.701 45.701 47.94866666666667 47.614 43.931 47.614 47.752 47.752 47.937333333333335 44.870666666666665 44.870666666666665 44.870666666666665 44.870666666666665 44.870666666666665 43.75666666666667 43.75666666666667 43.75666666666667 43.75666666666667 43.75666666666667 43.75666666666667 43.75666666666667 43.75666666666667 48.026666666666664 48.026666666666664 47.93 47.93 47.93 51.119 43.75666666666667 49.736 47.93 47.93 43.75666666666667 47.93 47.93 48.026666666666664 48.026666666666664 48.026666666666664 43.75666666666667 44.29 41.618 41.618 41.618 41.618 41.618 42.514 42.514 43.75666666666667 44.04066666666667 38.402 43.75666666666667 42.532 41.618 41.618 41.618 41.618 41.618 Starting CloudSim version 3.0
     [java] Datacenter_0 is starting...
     [java] Broker is starting...
     [java] Entities started.
     [java] 0.0: Broker: Cloud Resource List received with 1 resource(s)
     [java] 0.0: Broker: Trying to Create VM #0 in Datacenter_0
     [java] 0.0: Broker: Trying to Create VM #1 in Datacenter_0
     [java] 0.0: Broker: Trying to Create VM #2 in Datacenter_0
     [java] 0.0: Broker: Trying to Create VM #3 in Datacenter_0
     [java] 0.0: Broker: Trying to Create VM #4 in Datacenter_0
     [java] 0.1: Broker: VM #0 has been created in Datacenter #2, Host #0
     [java] 0.1: Broker: VM #1 has been created in Datacenter #2, Host #0
     [java] 0.1: Broker: VM #2 has been created in Datacenter #2, Host #0
     [java] 0.1: Broker: VM #3 has been created in Datacenter #2, Host #0
     [java] 0.1: Broker: VM #4 has been created in Datacenter #2, Host #0
     [java] 0.1: Broker: Sending cloudlet 0 to VM #4
     [java] 0.1: Broker: Sending cloudlet 1 to VM #1
     [java] 0.1: Broker: Sending cloudlet 2 to VM #1
     [java] 0.1: Broker: Sending cloudlet 3 to VM #0
     [java] 0.1: Broker: Sending cloudlet 4 to VM #4
     [java] 0.1: Broker: Sending cloudlet 5 to VM #0
     [java] 0.1: Broker: Sending cloudlet 6 to VM #1
     [java] 0.1: Broker: Sending cloudlet 7 to VM #2
     [java] 0.1: Broker: Sending cloudlet 8 to VM #1
     [java] 0.1: Broker: Sending cloudlet 9 to VM #0
     [java] 0.1: Broker: Sending cloudlet 10 to VM #0
     [java] 0.1: Broker: Sending cloudlet 11 to VM #4
     [java] 0.1: Broker: Sending cloudlet 12 to VM #4
     [java] 0.1: Broker: Sending cloudlet 13 to VM #0
     [java] 0.1: Broker: Sending cloudlet 14 to VM #3
     [java] 0.1: Broker: Sending cloudlet 15 to VM #4
     [java] 0.1: Broker: Sending cloudlet 16 to VM #3
     [java] 0.1: Broker: Sending cloudlet 17 to VM #0
     [java] 0.1: Broker: Sending cloudlet 18 to VM #2
     [java] 0.1: Broker: Sending cloudlet 19 to VM #2
     [java] 0.1: Broker: Sending cloudlet 20 to VM #3
     [java] 0.1: Broker: Sending cloudlet 21 to VM #2
     [java] 0.1: Broker: Sending cloudlet 22 to VM #1
     [java] 0.1: Broker: Sending cloudlet 23 to VM #2
     [java] 0.1: Broker: Sending cloudlet 24 to VM #0
     [java] 0.1: Broker: Sending cloudlet 25 to VM #2
     [java] 0.1: Broker: Sending cloudlet 26 to VM #1
     [java] 0.1: Broker: Sending cloudlet 27 to VM #0
     [java] 0.1: Broker: Sending cloudlet 28 to VM #0
     [java] 0.1: Broker: Sending cloudlet 29 to VM #3
     [java] 0.1: Broker: Sending cloudlet 30 to VM #3
     [java] 0.1: Broker: Sending cloudlet 31 to VM #0
     [java] 0.1: Broker: Sending cloudlet 32 to VM #2
     [java] 0.1: Broker: Sending cloudlet 33 to VM #0
     [java] 0.1: Broker: Sending cloudlet 34 to VM #0
     [java] 0.1: Broker: Sending cloudlet 35 to VM #0
     [java] 0.1: Broker: Sending cloudlet 36 to VM #2
     [java] 0.1: Broker: Sending cloudlet 37 to VM #3
     [java] 0.1: Broker: Sending cloudlet 38 to VM #0
     [java] 0.1: Broker: Sending cloudlet 39 to VM #2
     [java] 0.1: Broker: Sending cloudlet 40 to VM #2
     [java] 0.1: Broker: Sending cloudlet 41 to VM #3
     [java] 0.1: Broker: Sending cloudlet 42 to VM #3
     [java] 0.1: Broker: Sending cloudlet 43 to VM #0
     [java] 0.1: Broker: Sending cloudlet 44 to VM #2
     [java] 0.1: Broker: Sending cloudlet 45 to VM #2
     [java] 0.1: Broker: Sending cloudlet 46 to VM #2
     [java] 0.1: Broker: Sending cloudlet 47 to VM #3
     [java] 0.1: Broker: Sending cloudlet 48 to VM #3
     [java] 0.1: Broker: Sending cloudlet 49 to VM #1
     [java] 0.1: Broker: Sending cloudlet 50 to VM #2
     [java] 0.1: Broker: Sending cloudlet 51 to VM #1
     [java] 0.1: Broker: Sending cloudlet 52 to VM #1
     [java] 0.1: Broker: Sending cloudlet 53 to VM #2
     [java] 0.1: Broker: Sending cloudlet 54 to VM #2
     [java] 0.1: Broker: Sending cloudlet 55 to VM #2
     [java] 0.1: Broker: Sending cloudlet 56 to VM #1
     [java] 0.1: Broker: Sending cloudlet 57 to VM #1
     [java] 0.1: Broker: Sending cloudlet 58 to VM #0
     [java] 0.1: Broker: Sending cloudlet 59 to VM #3
     [java] 1.9572: Broker: Cloudlet 3 received
     [java] 2.8416: Broker: Cloudlet 2 received
     [java] 3.3478000000000003: Broker: Cloudlet 5 received
     [java] 5.0472: Broker: Cloudlet 9 received
     [java] 5.781199999999999: Broker: Cloudlet 55 received
     [java] 6.017199999999999: Broker: Cloudlet 8 received
     [java] 6.215399999999999: Broker: Cloudlet 10 received
     [java] 6.428399999999999: Broker: Cloudlet 13 received
     [java] 6.636399999999999: Broker: Cloudlet 14 received
     [java] 6.746399999999999: Broker: Cloudlet 52 received
     [java] 6.955399999999998: Broker: Cloudlet 0 received
     [java] 7.071599999999998: Broker: Cloudlet 17 received
     [java] 8.438399999999998: Broker: Cloudlet 24 received
     [java] 9.521599999999998: Broker: Cloudlet 27 received
     [java] 9.631599999999997: Broker: Cloudlet 1 received
     [java] 10.295799999999996: Broker: Cloudlet 28 received
     [java] 11.123599999999998: Broker: Cloudlet 7 received
     [java] 11.6436: Broker: Cloudlet 31 received
     [java] 12.221599999999999: Broker: Cloudlet 16 received
     [java] 12.616399999999999: Broker: Cloudlet 56 received
     [java] 12.8828: Broker: Cloudlet 22 received
     [java] 13.050799999999999: Broker: Cloudlet 40 received
     [java] 13.599599999999999: Broker: Cloudlet 33 received
     [java] 13.921599999999998: Broker: Cloudlet 57 received
     [java] 14.031599999999997: Broker: Cloudlet 34 received
     [java] 15.843199999999998: Broker: Cloudlet 35 received
     [java] 16.227199999999996: Broker: Cloudlet 26 received
     [java] 16.512599999999996: Broker: Cloudlet 38 received
     [java] 17.099599999999995: Broker: Cloudlet 4 received
     [java] 17.825599999999994: Broker: Cloudlet 43 received
     [java] 18.007199999999994: Broker: Cloudlet 58 received
     [java] 18.16986666666666: Broker: Cloudlet 20 received
     [java] 18.29586666666666: Broker: Cloudlet 29 received
     [java] 19.3312: Broker: Cloudlet 49 received
     [java] 20.3568: Broker: Cloudlet 6 received
     [java] 20.466800000000003: Broker: Cloudlet 51 received
     [java] 20.8364: Broker: Cloudlet 36 received
     [java] 21.3564: Broker: Cloudlet 21 received
     [java] 21.466400000000004: Broker: Cloudlet 46 received
     [java] 22.997600000000002: Broker: Cloudlet 53 received
     [java] 23.16626666666667: Broker: Cloudlet 30 received
     [java] 23.28226666666667: Broker: Cloudlet 23 received
     [java] 25.7308: Broker: Cloudlet 11 received
     [java] 28.6336: Broker: Cloudlet 50 received
     [java] 28.743600000000004: Broker: Cloudlet 37 received
     [java] 28.853600000000007: Broker: Cloudlet 44 received
     [java] 30.315600000000007: Broker: Cloudlet 41 received
     [java] 30.763600000000004: Broker: Cloudlet 42 received
     [java] 31.311600000000006: Broker: Cloudlet 47 received
     [java] 32.067600000000006: Broker: Cloudlet 32 received
     [java] 32.177600000000005: Broker: Cloudlet 12 received
     [java] 32.470400000000005: Broker: Cloudlet 54 received
     [java] 33.0324: Broker: Cloudlet 45 received
     [java] 33.1424: Broker: Cloudlet 18 received
     [java] 33.2804: Broker: Cloudlet 25 received
     [java] 33.7468: Broker: Cloudlet 39 received
     [java] 34.0516: Broker: Cloudlet 19 received
     [java] 35.94226666666667: Broker: Cloudlet 48 received
     [java] 39.95426666666667: Broker: Cloudlet 59 received
     [java] 41.757266666666666: Broker: Cloudlet 15 received
     [java] 41.757266666666666: Broker: All Cloudlets executed. Finishing...
     [java] 41.757266666666666: Broker: Destroying VM #0
     [java] 41.757266666666666: Broker: Destroying VM #1
     [java] 41.757266666666666: Broker: Destroying VM #2
     [java] 41.757266666666666: Broker: Destroying VM #3
     [java] 41.757266666666666: Broker: Destroying VM #4
     [java] Broker is shutting down...
     [java] Simulation: No more future events
     [java] CloudInformationService: Notify all CloudSim entities for shutting down.
     [java] Datacenter_0 is shutting down...
     [java] Broker is shutting down...
     [java] Simulation completed.
     [java] Simulation completed.
     [java] vm id= 0 ,mips = 5000.0 
     [java] vm id= 1 ,mips = 2500.0 
     [java] vm id= 2 ,mips = 2500.0 
     [java] vm id= 3 ,mips = 1500.0 
     [java] vm id= 4 ,mips = 1000.0 
     [java] 
     [java] ================ Execution Result ==================
     [java] No.    Cloudlet ID    STATUS    Data center ID    VM ID    VM mips    CloudletLength    Time    Start Time    Finish Time
     [java] 1        3        SUCCESS            2            0        5000.0        8939                1.86        0.1        1.96
     [java] 2        2        SUCCESS            2            1        2500.0        624                2.74        0.1        2.84
     [java] 3        5        SUCCESS            2            0        5000.0        6953                1.39        1.96        3.35
     [java] 4        9        SUCCESS            2            0        5000.0        8497                1.7        3.35        5.05
     [java] 5        55        SUCCESS            2            2        2500.0        828                5.68        0.1        5.78
     [java] 6        8        SUCCESS            2            1        2500.0        1417                5.92        0.1        6.02
     [java] 7        10        SUCCESS            2            0        5000.0        5841                1.17        5.05        6.22
     [java] 8        13        SUCCESS            2            0        5000.0        1065                0.21        6.22        6.43
     [java] 9        14        SUCCESS            2            3        1500.0        9805                6.54        0.1        6.64
     [java] 10        52        SUCCESS            2            1        2500.0        1598                6.65        0.1        6.75
     [java] 11        0        SUCCESS            2            4        1000.0        6856                6.86        0.1        6.96
     [java] 12        17        SUCCESS            2            0        5000.0        3216                0.64        6.43        7.07
     [java] 13        24        SUCCESS            2            0        5000.0        6834                1.37        7.07        8.44
     [java] 14        27        SUCCESS            2            0        5000.0        5416                1.08        8.44        9.52
     [java] 15        1        SUCCESS            2            1        2500.0        2499                9.53        0.1        9.63
     [java] 16        28        SUCCESS            2            0        5000.0        3871                0.77        9.52        10.3
     [java] 17        7        SUCCESS            2            2        2500.0        1671                11.02        0.1        11.12
     [java] 18        31        SUCCESS            2            0        5000.0        6229                1.35        10.3        11.64
     [java] 19        16        SUCCESS            2            3        1500.0        8378                5.59        6.64        12.22
     [java] 20        56        SUCCESS            2            1        2500.0        3588                12.52        0.1        12.62
     [java] 21        22        SUCCESS            2            1        2500.0        3699                12.78        0.1        12.88
     [java] 22        40        SUCCESS            2            2        2500.0        1992                12.95        0.1        13.05
     [java] 23        33        SUCCESS            2            0        5000.0        9780                1.96        11.64        13.6
     [java] 24        57        SUCCESS            2            1        2500.0        4218                13.82        0.1        13.92
     [java] 25        34        SUCCESS            2            0        5000.0        2139                0.43        13.6        14.03
     [java] 26        35        SUCCESS            2            0        5000.0        9058                1.81        14.03        15.84
     [java] 27        26        SUCCESS            2            1        2500.0        5659                16.13        0.1        16.23
     [java] 28        38        SUCCESS            2            0        5000.0        3347                0.67        15.84        16.51
     [java] 29        4        SUCCESS            2            4        1000.0        10145                10.14        6.96        17.1
     [java] 30        43        SUCCESS            2            0        5000.0        6565                1.31        16.51        17.83
     [java] 31        58        SUCCESS            2            0        5000.0        908                0.18        17.83        18.01
     [java] 32        20        SUCCESS            2            3        1500.0        8923                5.95        12.22        18.17
     [java] 33        29        SUCCESS            2            3        1500.0        189                0.13        18.17        18.3
     [java] 34        49        SUCCESS            2            1        2500.0        8246                19.23        0.1        19.33
     [java] 35        6        SUCCESS            2            1        2500.0        9528                20.26        0.1        20.36
     [java] 36        51        SUCCESS            2            1        2500.0        9548                20.37        0.1        20.47
     [java] 37        36        SUCCESS            2            2        2500.0        3382                20.74        0.1        20.84
     [java] 38        21        SUCCESS            2            2        2500.0        3482                21.26        0.1        21.36
     [java] 39        46        SUCCESS            2            2        2500.0        3500                21.37        0.1        21.47
     [java] 40        53        SUCCESS            2            2        2500.0        3853                22.9        0.1        23
     [java] 41        30        SUCCESS            2            3        1500.0        7306                4.87        18.3        23.17
     [java] 42        23        SUCCESS            2            2        2500.0        3924                23.18        0.1        23.28
     [java] 43        11        SUCCESS            2            4        1000.0        8632                8.63        17.1        25.73
     [java] 44        50        SUCCESS            2            2        2500.0        5411                28.53        0.1        28.63
     [java] 45        37        SUCCESS            2            3        1500.0        8245                5.58        23.17        28.74
     [java] 46        44        SUCCESS            2            2        2500.0        5472                28.75        0.1        28.85
     [java] 47        41        SUCCESS            2            3        1500.0        2358                1.57        28.74        30.32
     [java] 48        42        SUCCESS            2            3        1500.0        586                0.45        30.32        30.76
     [java] 49        47        SUCCESS            2            3        1500.0        822                0.55        30.76        31.31
     [java] 50        32        SUCCESS            2            2        2500.0        6627                31.97        0.1        32.07
     [java] 51        12        SUCCESS            2            4        1000.0        6405                6.45        25.73        32.18
     [java] 52        54        SUCCESS            2            2        2500.0        6795                32.37        0.1        32.47
     [java] 53        45        SUCCESS            2            2        2500.0        7076                32.93        0.1        33.03
     [java] 54        18        SUCCESS            2            2        2500.0        7138                33.04        0.1        33.14
     [java] 55        25        SUCCESS            2            2        2500.0        7260                33.18        0.1        33.28
     [java] 56        39        SUCCESS            2            2        2500.0        7843                33.65        0.1        33.75
     [java] 57        19        SUCCESS            2            2        2500.0        8605                33.95        0.1        34.05
     [java] 58        48        SUCCESS            2            3        1500.0        6946                4.63        31.31        35.94
     [java] 59        59        SUCCESS            2            3        1500.0        6018                4.01        35.94        39.95
     [java] 60        15        SUCCESS            2            4        1000.0        9580                9.58        32.18        41.76
     [java] ================ Execution Result Ends here ==================
     [java] This schedule plan takes 41.76 ms to finish execution by GA.
     [java] 
     [java] The simulation is finished in GA!

BUILD SUCCESSFUL
Total time: 1 second
