Buildfile: /home/chelsa/Cloudsim-Task-Scheduling/build.xml

pso:
     [echo]         Executing "taskscheduling.jar" 
     [echo]     -------------------------------------- 
     [echo]     | log file  : log/taskscheduling.log |
     [echo]     | configure : etc/establishment.xml  |
     [echo]     -------------------------------------- 
     [echo] 
     [java] Starting PSO Scheduler...
     [java] Reading the Matrices...
     [java] Gloabl best at iteration (0): 7471.752926
     [java] Gloabl best at iteration (10): 5916.285578
     [java] Gloabl best at iteration (20): 5766.534854
     [java] Gloabl best at iteration (30): 5477.738982
     [java] Gloabl best at iteration (40): 5406.390536
     [java] Gloabl best at iteration (50): 5336.754407
     [java] Gloabl best at iteration (60): 5336.754407
     [java] Gloabl best at iteration (70): 5336.754407
     [java] Gloabl best at iteration (80): 5336.754407
     [java] Gloabl best at iteration (90): 5336.754407
     [java] Gloabl best at iteration (100): 5336.754407
     [java] Gloabl best at iteration (110): 5336.754407
     [java] Gloabl best at iteration (120): 5336.754407
     [java] Gloabl best at iteration (130): 5336.754407
     [java] Gloabl best at iteration (140): 5336.754407
     [java] Gloabl best at iteration (150): 5336.754407
     [java] Gloabl best at iteration (160): 5336.754407
     [java] Gloabl best at iteration (170): 5336.754407
     [java] Gloabl best at iteration (180): 5336.754407
     [java] Gloabl best at iteration (190): 5336.754407
     [java] Gloabl best at iteration (200): 5336.754407
     [java] Gloabl best at iteration (210): 5336.754407
     [java] Gloabl best at iteration (220): 5336.754407
     [java] Gloabl best at iteration (230): 5336.754407
     [java] Gloabl best at iteration (240): 5336.754407
     [java] Gloabl best at iteration (250): 5336.754407
     [java] Gloabl best at iteration (260): 5336.754407
     [java] Gloabl best at iteration (270): 5336.754407
     [java] Gloabl best at iteration (280): 5336.754407
     [java] Gloabl best at iteration (290): 5336.754407
     [java] Gloabl best at iteration (300): 5336.754407
     [java] Gloabl best at iteration (310): 5336.754407
     [java] Gloabl best at iteration (320): 5336.754407
     [java] Gloabl best at iteration (330): 5336.754407
     [java] Gloabl best at iteration (340): 5336.754407
     [java] Gloabl best at iteration (350): 5336.754407
     [java] Gloabl best at iteration (360): 5336.754407
     [java] Gloabl best at iteration (370): 5336.754407
     [java] Gloabl best at iteration (380): 5336.754407
     [java] Gloabl best at iteration (390): 5336.754407
     [java] Gloabl best at iteration (400): 5336.754407
     [java] Gloabl best at iteration (410): 5336.754407
     [java] Gloabl best at iteration (420): 5336.754407
     [java] Gloabl best at iteration (430): 5336.754407
     [java] Gloabl best at iteration (440): 5336.754407
     [java] Gloabl best at iteration (450): 5336.754407
     [java] Gloabl best at iteration (460): 5336.754407
     [java] Gloabl best at iteration (470): 5336.754407
     [java] Gloabl best at iteration (480): 5336.754407
     [java] Gloabl best at iteration (490): 5336.754407
     [java] 
     [java] The best fitness value: 5336.754407485588
     [java] Best makespan: 3216.6885288915314
     [java] The best solution is: 
     [java] There are 10 tasks associated to Data Center 0 and they are 0 6 7 11 14 15 16 23 25 29
     [java] There are 7 tasks associated to Data Center 1 and they are 1 3 4 9 12 22 24
     [java] There are 1 tasks associated to Data Center 2 and they are 2
     [java] There are 4 tasks associated to Data Center 3 and they are 5 10 27 28
     [java] There are 8 tasks associated to Data Center 4 and they are 8 13 17 18 19 20 21 26
     [java] 
     [java] Initialising...
     [java] Starting CloudSim version 3.0
     [java] Datacenter_0 is starting...
     [java] Datacenter_1 is starting...
     [java] Datacenter_2 is starting...
     [java] Datacenter_3 is starting...
     [java] Datacenter_4 is starting...
     [java] Broker_0 is starting...
     [java] Entities started.
     [java] 0.0: Broker_0: Cloud Resource List received with 5 resource(s)
     [java] 0.0: Broker_0: Trying to Create VM #2 in Datacenter_0
     [java] 0.0: Broker_0: Trying to Create VM #3 in Datacenter_1
     [java] 0.0: Broker_0: Trying to Create VM #4 in Datacenter_2
     [java] 0.0: Broker_0: Trying to Create VM #5 in Datacenter_3
     [java] 0.0: Broker_0: Trying to Create VM #6 in Datacenter_4
     [java] 0.1: Broker_0: VM #2 has been created in Datacenter #2, Host #0
     [java] 0.1: Broker_0: VM #3 has been created in Datacenter #3, Host #0
     [java] 0.1: Broker_0: VM #4 has been created in Datacenter #4, Host #0
     [java] 0.1: Broker_0: VM #5 has been created in Datacenter #5, Host #0
     [java] 0.1: Broker_0: VM #6 has been created in Datacenter #6, Host #0
     [java] 0.1: Broker_0: Sending cloudlet 0 to VM #2
     [java] 0.1: Broker_0: Sending cloudlet 1 to VM #3
     [java] 0.1: Broker_0: Sending cloudlet 2 to VM #4
     [java] 0.1: Broker_0: Sending cloudlet 3 to VM #3
     [java] 0.1: Broker_0: Sending cloudlet 4 to VM #3
     [java] 0.1: Broker_0: Sending cloudlet 5 to VM #5
     [java] 0.1: Broker_0: Sending cloudlet 6 to VM #2
     [java] 0.1: Broker_0: Sending cloudlet 7 to VM #2
     [java] 0.1: Broker_0: Sending cloudlet 8 to VM #6
     [java] 0.1: Broker_0: Sending cloudlet 9 to VM #3
     [java] 0.1: Broker_0: Sending cloudlet 10 to VM #5
     [java] 0.1: Broker_0: Sending cloudlet 11 to VM #2
     [java] 0.1: Broker_0: Sending cloudlet 12 to VM #3
     [java] 0.1: Broker_0: Sending cloudlet 13 to VM #6
     [java] 0.1: Broker_0: Sending cloudlet 14 to VM #2
     [java] 0.1: Broker_0: Sending cloudlet 15 to VM #2
     [java] 0.1: Broker_0: Sending cloudlet 16 to VM #2
     [java] 0.1: Broker_0: Sending cloudlet 17 to VM #6
     [java] 0.1: Broker_0: Sending cloudlet 18 to VM #6
     [java] 0.1: Broker_0: Sending cloudlet 19 to VM #6
     [java] 0.1: Broker_0: Sending cloudlet 20 to VM #6
     [java] 0.1: Broker_0: Sending cloudlet 21 to VM #6
     [java] 0.1: Broker_0: Sending cloudlet 22 to VM #3
     [java] 0.1: Broker_0: Sending cloudlet 23 to VM #2
     [java] 0.1: Broker_0: Sending cloudlet 24 to VM #3
     [java] 0.1: Broker_0: Sending cloudlet 25 to VM #2
     [java] 0.1: Broker_0: Sending cloudlet 26 to VM #6
     [java] 0.1: Broker_0: Sending cloudlet 27 to VM #5
     [java] 0.1: Broker_0: Sending cloudlet 28 to VM #5
     [java] 0.1: Broker_0: Sending cloudlet 29 to VM #2
     [java] 1195.676: Broker_0: Cloudlet 1 received
     [java] 1727.0559999999998: Broker_0: Cloudlet 8 received
     [java] 1912.2279999999998: Broker_0: Cloudlet 0 received
     [java] 2010.772: Broker_0: Cloudlet 5 received
     [java] 2084.408: Broker_0: Cloudlet 2 received
     [java] 3136.992: Broker_0: Cloudlet 10 received
     [java] 3318.924: Broker_0: Cloudlet 3 received
     [java] 3700.624: Broker_0: Cloudlet 13 received
     [java] 3712.5: Broker_0: Cloudlet 6 received
     [java] 4611.0: Broker_0: Cloudlet 27 received
     [java] 4629.504: Broker_0: Cloudlet 4 received
     [java] 5072.632: Broker_0: Cloudlet 7 received
     [java] 5634.664: Broker_0: Cloudlet 11 received
     [java] 5700.824: Broker_0: Cloudlet 17 received
     [java] 6010.42: Broker_0: Cloudlet 9 received
     [java] 6019.888: Broker_0: Cloudlet 28 received
     [java] 6209.0199999999995: Broker_0: Cloudlet 14 received
     [java] 6544.98: Broker_0: Cloudlet 18 received
     [java] 7004.1759999999995: Broker_0: Cloudlet 19 received
     [java] 7211.332: Broker_0: Cloudlet 12 received
     [java] 7843.784: Broker_0: Cloudlet 15 received
     [java] 7896.852000000001: Broker_0: Cloudlet 22 received
     [java] 8557.704: Broker_0: Cloudlet 20 received
     [java] 8837.276: Broker_0: Cloudlet 16 received
     [java] 9332.748000000001: Broker_0: Cloudlet 24 received
     [java] 9781.98: Broker_0: Cloudlet 23 received
     [java] 10095.82: Broker_0: Cloudlet 21 received
     [java] 10794.864: Broker_0: Cloudlet 26 received
     [java] 12672.088: Broker_0: Cloudlet 25 received
     [java] 12902.828: Broker_0: Cloudlet 29 received
     [java] 12902.828: Broker_0: Destroying VM #2
     [java] 12902.828: Broker_0: Destroying VM #3
     [java] 12902.828: Broker_0: Destroying VM #4
     [java] 12902.828: Broker_0: Destroying VM #5
     [java] 12902.828: Broker_0: Destroying VM #6
     [java] Simulation: No more future events
     [java] CloudInformationService: Notify all CloudSim entities for shutting down.
     [java] Datacenter_0 is shutting down...
     [java] Datacenter_1 is shutting down...
     [java] Datacenter_2 is shutting down...
     [java] Datacenter_3 is shutting down...
     [java] Datacenter_4 is shutting down...
     [java] Broker_0 is shutting down...
     [java] Simulation completed.
     [java] Simulation completed.
     [java] 
     [java] ========== OUTPUT ==========
     [java] Cloudlet ID    STATUS    Data center ID    VM ID        Time    Start Time    Finish Time
     [java]     01        SUCCESS        03            03        1195.58        00.1            1195.68
     [java]     08        SUCCESS        06            06        1726.96        00.1            1727.06
     [java]     00        SUCCESS        02            02        1912.13        00.1            1912.23
     [java]     05        SUCCESS        05            05        2010.67        00.1            2010.77
     [java]     02        SUCCESS        04            04        2084.31        00.1            2084.41
     [java]     10        SUCCESS        05            05        1126.22        2010.77            3136.99
     [java]     03        SUCCESS        03            03        2123.25        1195.68            3318.92
     [java]     13        SUCCESS        06            06        1973.57        1727.06            3700.62
     [java]     06        SUCCESS        02            02        1800.27        1912.23            3712.5
     [java]     27        SUCCESS        05            05        1474.01        3136.99            4611
     [java]     04        SUCCESS        03            03        1310.58        3318.92            4629.5
     [java]     07        SUCCESS        02            02        1360.13        3712.5            5072.63
     [java]     11        SUCCESS        02            02        562.03        5072.63            5634.66
     [java]     17        SUCCESS        06            06        2000.2        3700.62            5700.82
     [java]     09        SUCCESS        03            03        1380.92        4629.5            6010.42
     [java]     28        SUCCESS        05            05        1408.89        4611            6019.89
     [java]     14        SUCCESS        02            02        574.36        5634.66            6209.02
     [java]     18        SUCCESS        06            06        844.16        5700.82            6544.98
     [java]     19        SUCCESS        06            06        459.2        6544.98            7004.18
     [java]     12        SUCCESS        03            03        1200.91        6010.42            7211.33
     [java]     15        SUCCESS        02            02        1634.76        6209.02            7843.78
     [java]     22        SUCCESS        03            03        685.52        7211.33            7896.85
     [java]     20        SUCCESS        06            06        1553.53        7004.18            8557.7
     [java]     16        SUCCESS        02            02        993.49        7843.78            8837.28
     [java]     24        SUCCESS        03            03        1435.9        7896.85            9332.75
     [java]     23        SUCCESS        02            02        944.7        8837.28            9781.98
     [java]     21        SUCCESS        06            06        1538.12        8557.7            10095.82
     [java]     26        SUCCESS        06            06        699.04        10095.82            10794.86
     [java]     25        SUCCESS        02            02        2890.11        9781.98            12672.09
     [java]     29        SUCCESS        02            02        230.74        12672.09            12902.83
     [java] 12902.828
     [java] 
     [java] Best fitness value: 5336.754407485588
     [java] Best makespan: 3216.6885288915314
     [java] lab.cloudsim.taskscheduling.PSO_Scheduler finished!

BUILD SUCCESSFUL
Total time: 0 seconds
